[
  {
    "level": "INFO",
    "message": "android.ndkVersion from module build.gradle is not set"
  },
  {
    "level": "INFO",
    "message": "ndk.dir in local.properties is E:\\adt-bundle-windows-x86_64\\android-ndk-r16b"
  },
  {
    "level": "INFO",
    "message": "ANDROID_NDK_HOME environment variable is not set"
  },
  {
    "level": "INFO",
    "message": "sdkFolder is E:\\adt-bundle-windows-x86_64\\sdk_as"
  },
  {
    "level": "INFO",
    "message": "Considering E:\\adt-bundle-windows-x86_64\\android-ndk-r16b by ndk.dir"
  },
  {
    "level": "INFO",
    "message": "Considering E:\\adt-bundle-windows-x86_64\\sdk_as\\ndk-bundle in SDK ndk-bundle folder"
  },
  {
    "level": "INFO",
    "message": "Considering E:\\adt-bundle-windows-x86_64\\sdk_as\\ndk\\20.0.5594570 in SDK ndk folder"
  },
  {
    "level": "INFO",
    "message": "Considering E:\\adt-bundle-windows-x86_64\\sdk_as\\ndk\\21.0.6113669 in SDK ndk folder"
  },
  {
    "level": "INFO",
    "message": "Rejected E:\\adt-bundle-windows-x86_64\\sdk_as\\ndk-bundle in SDK ndk-bundle folder because that location has no source.properties"
  },
  {
    "level": "INFO",
    "message": "Found requested ndk.dir (E:\\adt-bundle-windows-x86_64\\android-ndk-r16b) which has version 16.1.4479499"
  }
]