Compiling the C compiler identification source file "CMakeCCompilerId.c" failed.
Compiler: E:/adt-bundle-windows-x86_64/android-ndk-r16b/toolchains/x86-4.9/prebuilt/windows-x86_64/bin/i686-linux-android-gcc.exe 
Build flags: -isystem;E:/adt-bundle-windows-x86_64/android-ndk-r16b/sysroot/usr/include/i686-linux-android;-D__ANDROID_API__=16;-g;-DANDROID;-ffunction-sections;-funwind-tables;-fstack-protector-strong;-no-canonical-prefixes;-mstackrealign;-Wa,--noexecstack;-Wformat;-Werror=format-security;
Id flags: 

The output was:
1
E:/adt-bundle-windows-x86_64/android-ndk-r16b/toolchains/x86-4.9/prebuilt/windows-x86_64/bin/../lib/gcc/i686-linux-android/4.9.x/../../../../i686-linux-android/bin/ld.exe: error: cannot open crtbegin_dynamic.o: No such file or directory
E:/adt-bundle-windows-x86_64/android-ndk-r16b/toolchains/x86-4.9/prebuilt/windows-x86_64/bin/../lib/gcc/i686-linux-android/4.9.x/../../../../i686-linux-android/bin/ld.exe: error: cannot open crtend_android.o: No such file or directory
E:/adt-bundle-windows-x86_64/android-ndk-r16b/toolchains/x86-4.9/prebuilt/windows-x86_64/bin/../lib/gcc/i686-linux-android/4.9.x/../../../../i686-linux-android/bin/ld.exe: error: cannot find -lc
E:/adt-bundle-windows-x86_64/android-ndk-r16b/toolchains/x86-4.9/prebuilt/windows-x86_64/bin/../lib/gcc/i686-linux-android/4.9.x/../../../../i686-linux-android/bin/ld.exe: error: cannot find -ldl
collect2.exe: error: ld returned 1 exit status


Compiling the CXX compiler identification source file "CMakeCXXCompilerId.cpp" failed.
Compiler: E:/adt-bundle-windows-x86_64/android-ndk-r16b/toolchains/x86-4.9/prebuilt/windows-x86_64/bin/i686-linux-android-g++.exe 
Build flags: -isystem;E:/adt-bundle-windows-x86_64/android-ndk-r16b/sysroot/usr/include/i686-linux-android;-D__ANDROID_API__=16;-g;-DANDROID;-ffunction-sections;-funwind-tables;-fstack-protector-strong;-no-canonical-prefixes;-mstackrealign;-Wa,--noexecstack;-Wformat;-Werror=format-security;;-std=c++11
Id flags: 

The output was:
1
E:/adt-bundle-windows-x86_64/android-ndk-r16b/toolchains/x86-4.9/prebuilt/windows-x86_64/bin/../lib/gcc/i686-linux-android/4.9.x/../../../../i686-linux-android/bin/ld.exe: error: cannot open crtbegin_dynamic.o: No such file or directory
E:/adt-bundle-windows-x86_64/android-ndk-r16b/toolchains/x86-4.9/prebuilt/windows-x86_64/bin/../lib/gcc/i686-linux-android/4.9.x/../../../../i686-linux-android/bin/ld.exe: error: cannot open crtend_android.o: No such file or directory
E:/adt-bundle-windows-x86_64/android-ndk-r16b/toolchains/x86-4.9/prebuilt/windows-x86_64/bin/../lib/gcc/i686-linux-android/4.9.x/../../../../i686-linux-android/bin/ld.exe: error: cannot find -lstdc++
E:/adt-bundle-windows-x86_64/android-ndk-r16b/toolchains/x86-4.9/prebuilt/windows-x86_64/bin/../lib/gcc/i686-linux-android/4.9.x/../../../../i686-linux-android/bin/ld.exe: error: cannot find -lm
E:/adt-bundle-windows-x86_64/android-ndk-r16b/toolchains/x86-4.9/prebuilt/windows-x86_64/bin/../lib/gcc/i686-linux-android/4.9.x/../../../../i686-linux-android/bin/ld.exe: error: cannot find -lc
E:/adt-bundle-windows-x86_64/android-ndk-r16b/toolchains/x86-4.9/prebuilt/windows-x86_64/bin/../lib/gcc/i686-linux-android/4.9.x/../../../../i686-linux-android/bin/ld.exe: error: cannot find -ldl
collect2.exe: error: ld returned 1 exit status


